<?xml version="1.0" encoding="UTF-8"?>
<!-- Generated by org.testng.reporters.JUnitReportReporter -->
<testsuite hostname="RN" failures="0" tests="1" name="ritiknagarproject.e_commerce_tc_1" time="40.369" errors="0" timestamp="2024-08-18T09:43:32 IST" skipped="0">
  <testcase classname="ritiknagarproject.e_commerce_tc_1" name="FillForm" time="40.369"/>
  <system-out/>
</testsuite> <!-- ritiknagarproject.e_commerce_tc_1 -->
