<?xml version="1.0" encoding="UTF-8"?>
<!-- Generated by org.testng.reporters.JUnitReportReporter -->
<testsuite hostname="RN" failures="0" tests="1" name="ritiknagarproject.e_commerce_tc_2" time="31.375" errors="0" timestamp="2024-08-31T11:26:35 IST" skipped="0">
  <testcase classname="ritiknagarproject.e_commerce_tc_2" name="FillForm" time="31.375"/>
  <system-out/>
</testsuite> <!-- ritiknagarproject.e_commerce_tc_2 -->
