<?xml version="1.0" encoding="UTF-8"?>
<!-- Generated by org.testng.reporters.JUnitReportReporter -->
<testsuite hostname="RN" failures="0" tests="1" name="ritiknagarproject.AppiumBasics" time="6.065" errors="0" timestamp="2024-08-15T21:13:03 IST" skipped="0">
  <testcase classname="ritiknagarproject.AppiumBasics" name="WifiSettingName" time="6.065"/>
  <system-out/>
</testsuite> <!-- ritiknagarproject.AppiumBasics -->
