<?xml version="1.0" encoding="UTF-8"?>
<!-- Generated by org.testng.reporters.JUnitReportReporter -->
<testsuite hostname="RN" failures="0" tests="1" name="ritiknagarproject.LongPress" time="3.608" errors="1" timestamp="2024-08-17T10:42:34 IST" skipped="0">
  <testcase classname="ritiknagarproject.LongPress" name="LongPressGesture" time="3.608">
    <error message="org.eclipse.wst.xml.xpath2.processor.XPathParserException: JFlex lexer error: Unknown character at line 1 col 11: \
For documentation on this error, please visit: https://www.selenium.dev/documentation/webdriver/troubleshooting/errors#invalid-selector-exception
Build info: version: &#039;4.23.1&#039;, revision: &#039;656257d8e9&#039;
System info: os.name: &#039;Windows 11&#039;, os.arch: &#039;amd64&#039;, os.version: &#039;10.0&#039;, java.version: &#039;22.0.2&#039;
Driver info: io.appium.java_client.android.AndroidDriver
Command: [cb64f27d-f430-4694-8ed3-d099c3b661c3, findElement {value=//*[@text=\&quot;People Names\&quot;], using=xpath}]
Capabilities {appium:app: C:\Users\nriti\eclipse-work..., appium:appPackage: io.appium.android.apis, appium:automationName: UIAutomator2, appium:databaseEnabled: false, appium:desired: {app: C:\Users\nriti\eclipse-work..., automationName: UIAutomator2, deviceName: RitikEmulator, platformName: ANDROID}, appium:deviceApiLevel: 30, appium:deviceManufacturer: Google, appium:deviceModel: sdk_gphone_x86, appium:deviceName: emulator-5554, appium:deviceScreenDensity: 440, appium:deviceScreenSize: 1080x2220, appium:deviceUDID: emulator-5554, appium:javascriptEnabled: true, appium:locationContextEnabled: false, appium:networkConnectionEnabled: true, appium:pixelRatio: 2.75, appium:platformVersion: 11, appium:statBarHeight: 66, appium:takesScreenshot: true, appium:viewportRect: {height: 2154, left: 0, top: 66, width: 1080}, appium:warnings: {}, appium:webStorageEnabled: false, platformName: ANDROID}
Session ID: cb64f27d-f430-4694-8ed3-d099c3b661c3" type="org.openqa.selenium.InvalidSelectorException">
      <![CDATA[org.openqa.selenium.InvalidSelectorException: org.eclipse.wst.xml.xpath2.processor.XPathParserException: JFlex lexer error: Unknown character at line 1 col 11: \
For documentation on this error, please visit: https://www.selenium.dev/documentation/webdriver/troubleshooting/errors#invalid-selector-exception
Build info: version: '4.23.1', revision: '656257d8e9'
System info: os.name: 'Windows 11', os.arch: 'amd64', os.version: '10.0', java.version: '22.0.2'
Driver info: io.appium.java_client.android.AndroidDriver
Command: [cb64f27d-f430-4694-8ed3-d099c3b661c3, findElement {value=//*[@text=\"People Names\"], using=xpath}]
Capabilities {appium:app: C:\Users\nriti\eclipse-work..., appium:appPackage: io.appium.android.apis, appium:automationName: UIAutomator2, appium:databaseEnabled: false, appium:desired: {app: C:\Users\nriti\eclipse-work..., automationName: UIAutomator2, deviceName: RitikEmulator, platformName: ANDROID}, appium:deviceApiLevel: 30, appium:deviceManufacturer: Google, appium:deviceModel: sdk_gphone_x86, appium:deviceName: emulator-5554, appium:deviceScreenDensity: 440, appium:deviceScreenSize: 1080x2220, appium:deviceUDID: emulator-5554, appium:javascriptEnabled: true, appium:locationContextEnabled: false, appium:networkConnectionEnabled: true, appium:pixelRatio: 2.75, appium:platformVersion: 11, appium:statBarHeight: 66, appium:takesScreenshot: true, appium:viewportRect: {height: 2154, left: 0, top: 66, width: 1080}, appium:warnings: {}, appium:webStorageEnabled: false, platformName: ANDROID}
Session ID: cb64f27d-f430-4694-8ed3-d099c3b661c3
at java.base/jdk.internal.reflect.DirectConstructorHandleAccessor.newInstance(DirectConstructorHandleAccessor.java:62)
at java.base/java.lang.reflect.Constructor.newInstanceWithCaller(Constructor.java:502)
at java.base/java.lang.reflect.Constructor.newInstance(Constructor.java:486)
at org.openqa.selenium.remote.ErrorCodec.decode(ErrorCodec.java:167)
at org.openqa.selenium.remote.codec.w3c.W3CHttpResponseCodec.decode(W3CHttpResponseCodec.java:138)
at org.openqa.selenium.remote.codec.w3c.W3CHttpResponseCodec.decode(W3CHttpResponseCodec.java:50)
at org.openqa.selenium.remote.HttpCommandExecutor.execute(HttpCommandExecutor.java:190)
at io.appium.java_client.remote.AppiumCommandExecutor.execute(AppiumCommandExecutor.java:237)
at org.openqa.selenium.remote.RemoteWebDriver.execute(RemoteWebDriver.java:545)
at org.openqa.selenium.remote.ElementLocation$ElementFinder$2.findElement(ElementLocation.java:165)
at org.openqa.selenium.remote.ElementLocation.findElement(ElementLocation.java:59)
at org.openqa.selenium.remote.RemoteWebDriver.findElement(RemoteWebDriver.java:368)
at org.openqa.selenium.remote.RemoteWebDriver.findElement(RemoteWebDriver.java:362)
at ritiknagarproject.LongPress.LongPressGesture(LongPress.java:21)
at java.base/jdk.internal.reflect.DirectMethodHandleAccessor.invoke(DirectMethodHandleAccessor.java:103)
at java.base/java.lang.reflect.Method.invoke(Method.java:580)
at org.testng.internal.MethodInvocationHelper.invokeMethod(MethodInvocationHelper.java:133)
at org.testng.internal.TestInvoker.invokeMethod(TestInvoker.java:598)
at org.testng.internal.TestInvoker.invokeTestMethod(TestInvoker.java:173)
at org.testng.internal.MethodRunner.runInSequence(MethodRunner.java:46)
at org.testng.internal.TestInvoker$MethodInvocationAgent.invoke(TestInvoker.java:824)
at org.testng.internal.TestInvoker.invokeTestMethods(TestInvoker.java:146)
at org.testng.internal.TestMethodWorker.invokeTestMethods(TestMethodWorker.java:146)
at org.testng.internal.TestMethodWorker.run(TestMethodWorker.java:128)
at java.base/java.util.ArrayList.forEach(ArrayList.java:1597)
at org.testng.TestRunner.privateRun(TestRunner.java:794)
at org.testng.TestRunner.run(TestRunner.java:596)
at org.testng.SuiteRunner.runTest(SuiteRunner.java:377)
at org.testng.SuiteRunner.runSequentially(SuiteRunner.java:371)
at org.testng.SuiteRunner.privateRun(SuiteRunner.java:332)
at org.testng.SuiteRunner.run(SuiteRunner.java:276)
at org.testng.SuiteRunnerWorker.runSuite(SuiteRunnerWorker.java:53)
at org.testng.SuiteRunnerWorker.run(SuiteRunnerWorker.java:96)
at org.testng.TestNG.runSuitesSequentially(TestNG.java:1212)
at org.testng.TestNG.runSuitesLocally(TestNG.java:1134)
at org.testng.TestNG.runSuites(TestNG.java:1063)
at org.testng.TestNG.run(TestNG.java:1031)
at org.testng.remote.AbstractRemoteTestNG.run(AbstractRemoteTestNG.java:115)
at org.testng.remote.RemoteTestNG.initAndRun(RemoteTestNG.java:293)
at org.testng.remote.RemoteTestNG.main(RemoteTestNG.java:91)
]]>
    </error>
  </testcase> <!-- LongPressGesture -->
  <system-out/>
</testsuite> <!-- ritiknagarproject.LongPress -->
